<?xml version="1.0" encoding="UTF-8"?>
<!-- Generated by org.testng.reporters.JUnitXMLReporter -->
<testsuite ignored="0" hostname="DESKTOP-JRAVQ96" failures="0" tests="4" name="Default test" time="46.613" errors="0" timestamp="2024-02-11T00:26:17 IST">
  <testcase classname="com.traval.qa.test.LoginLogoutTest" name="Validate_HomePage" time="1.539"/>
  <testcase classname="com.traval.qa.test.LoginLogoutTest" name="Validate_UnsucessfulLogin" time="9.742"/>
  <testcase classname="com.traval.qa.test.LoginLogoutTest" name="Validate_SucessFullLogin_ClickMultiplePage" time="18.308"/>
  <testcase classname="com.traval.qa.test.LoginLogoutTest" name="Validate_AfterClicking_SignOut" time="4.312"/>
</testsuite> <!-- Default test -->
