<?xml version="1.0" encoding="UTF-8"?>
<!-- Generated by org.testng.reporters.JUnitXMLReporter -->
<testsuite ignored="0" hostname="DESKTOP-JRAVQ96" failures="0" tests="5" name="first Test for Ticket" time="56.52" errors="0" timestamp="2024-02-10T21:10:22 IST">
  <testcase classname="com.traval.qa.test.SearchCarTest" name="Validate_HomePage_ForCar" time="1.361"/>
  <testcase classname="com.traval.qa.test.SearchCarTest" name="adding_Car_Requirment_In_HomePage" time="15.521"/>
  <testcase classname="com.traval.qa.test.SearchCarTest" name="Matching_Requirment_inListingPage_With_HomePageCar" time="12.646"/>
  <testcase classname="com.traval.qa.test.SearchCarTest" name="Matching_Requirment_InCheckoutPage_With_HomePageCar" time="7.148"/>
  <testcase classname="com.traval.qa.test.SearchCarTest" name="Matching_SucessFul_Massage" time="7.254"/>
</testsuite> <!-- first Test for Ticket -->
