<?xml version="1.0" encoding="UTF-8"?>
<testng-results ignored="0" total="4" passed="4" failed="0" skipped="0">
  <reporter-output>
  </reporter-output>
  <suite started-at="2024-02-11T00:25:30 IST" name="Default suite" finished-at="2024-02-11T00:26:17 IST" duration-ms="46613">
    <groups>
    </groups>
    <test started-at="2024-02-11T00:25:30 IST" name="Default test" finished-at="2024-02-11T00:26:17 IST" duration-ms="46613">
      <class name="com.traval.qa.test.LoginLogoutTest">
        <test-method is-config="true" signature="setup1()[pri:0, instance:com.traval.qa.test.LoginLogoutTest@7ce69770]" started-at="2024-02-11T00:25:30 IST" name="setup1" finished-at="2024-02-11T00:25:43 IST" duration-ms="12573" status="PASS">
          <reporter-output>
          </reporter-output>
        </test-method> <!-- setup1 -->
        <test-method signature="Validate_HomePage()[pri:1, instance:com.traval.qa.test.LoginLogoutTest@7ce69770]" started-at="2024-02-11T00:25:43 IST" name="Validate_HomePage" finished-at="2024-02-11T00:25:45 IST" duration-ms="1539" status="PASS">
          <reporter-output>
          </reporter-output>
        </test-method> <!-- Validate_HomePage -->
        <test-method signature="Validate_UnsucessfulLogin()[pri:2, instance:com.traval.qa.test.LoginLogoutTest@7ce69770]" started-at="2024-02-11T00:25:45 IST" name="Validate_UnsucessfulLogin" finished-at="2024-02-11T00:25:54 IST" duration-ms="9742" status="PASS">
          <reporter-output>
          </reporter-output>
        </test-method> <!-- Validate_UnsucessfulLogin -->
        <test-method signature="Validate_SucessFullLogin_ClickMultiplePage()[pri:3, instance:com.traval.qa.test.LoginLogoutTest@7ce69770]" started-at="2024-02-11T00:25:54 IST" name="Validate_SucessFullLogin_ClickMultiplePage" finished-at="2024-02-11T00:26:13 IST" duration-ms="18308" status="PASS">
          <reporter-output>
          </reporter-output>
        </test-method> <!-- Validate_SucessFullLogin_ClickMultiplePage -->
        <test-method signature="Validate_AfterClicking_SignOut()[pri:4, instance:com.traval.qa.test.LoginLogoutTest@7ce69770]" started-at="2024-02-11T00:26:13 IST" name="Validate_AfterClicking_SignOut" finished-at="2024-02-11T00:26:17 IST" duration-ms="4312" status="PASS">
          <reporter-output>
          </reporter-output>
        </test-method> <!-- Validate_AfterClicking_SignOut -->
      </class> <!-- com.traval.qa.test.LoginLogoutTest -->
    </test> <!-- Default test -->
  </suite> <!-- Default suite -->
</testng-results>
